[4.4.2022 8:03:52 PM] [Normal]	 Loaded JSON $Characters.Player.Move.MovementVO.
{
   "Forward": 119,
   "Backward": 115,
   "Left": 97,
   "Right": 100
}
[4.4.2022 8:04:12 PM] [Normal]	 Loaded JSON $Characters.Player.Move.MovementVO.
{
   "Forward": 119,
   "Backward": 115,
   "Left": 97,
   "Right": 100
}
[4.4.2022 8:04:12 PM] [Normal]	 Loaded JSON $Characters.Player.Actions.ActionVO.
{
   "Dash": 304,
   "Jump": 32,
   "Crouch" : 306
}
[4.4.2022 8:06:12 PM] [Normal]	 Loaded JSON $Characters.Player.Move.MovementVO.
{
   "Forward": 119,
   "Backward": 115,
   "Left": 97,
   "Right": 100
}
[4.4.2022 8:06:12 PM] [Normal]	 Loaded JSON $Characters.Player.Actions.ActionVO.
{
   "Dash": 304,
   "Jump": 32,
   "Crouch" : 306
}
[4.4.2022 8:07:15 PM] [Normal]	 Loaded JSON $Characters.Player.Move.MovementVO.
{
   "Forward": 119,
   "Backward": 115,
   "Left": 97,
   "Right": 100
}
[4.4.2022 8:07:15 PM] [Normal]	 Loaded JSON $Characters.Player.Actions.ActionVO.
{
   "Dash": 304,
   "Jump": 32,
   "Crouch" : 306
}
[4.4.2022 8:08:55 PM] [Normal]	 Loaded JSON $Characters.Player.Move.MovementVO.
{
   "Forward": 119,
   "Backward": 115,
   "Left": 97,
   "Right": 100
}
[4.4.2022 8:08:55 PM] [Normal]	 Loaded JSON $Characters.Player.Actions.ActionVO.
{
   "Dash": 304,
   "Jump": 32,
   "Crouch" : 306
}
